I, [2015-03-02T16:43:26.512732 #6504]  INFO -- : Started GET "/" for 220.181.108.99 at 2015-03-02 16:43:26 +0000
I, [2015-03-02T16:43:26.531754 #6504]  INFO -- : Processing by HomeController#index as */*
I, [2015-03-02T16:43:26.543759 #6504]  INFO -- :   Rendered text template (0.0ms)
I, [2015-03-02T16:43:26.544293 #6504]  INFO -- :   Rendered home/index.html.erb within layouts/application (4.2ms)
I, [2015-03-02T16:43:26.551901 #6504]  INFO -- :   Rendered text template (0.0ms)
I, [2015-03-02T16:43:26.552443 #6504]  INFO -- :   Rendered text template (0.0ms)
I, [2015-03-02T16:43:26.553011 #6504]  INFO -- : Completed 200 OK in 21ms (Views: 19.4ms | ActiveRecord: 0.0ms)
I, [2015-03-02T16:43:26.939073 #6517]  INFO -- : Started GET "/" for 220.181.108.76 at 2015-03-02 16:43:26 +0000
I, [2015-03-02T16:43:26.958797 #6517]  INFO -- : Processing by HomeController#index as */*
I, [2015-03-02T16:43:26.973929 #6517]  INFO -- :   Rendered text template (0.1ms)
I, [2015-03-02T16:43:26.974471 #6517]  INFO -- :   Rendered home/index.html.erb within layouts/application (2.6ms)
I, [2015-03-02T16:43:26.991484 #6517]  INFO -- :   Rendered text template (0.1ms)
I, [2015-03-02T16:43:26.992690 #6517]  INFO -- :   Rendered text template (0.1ms)
I, [2015-03-02T16:43:26.993967 #6517]  INFO -- : Completed 200 OK in 35ms (Views: 31.9ms | ActiveRecord: 0.0ms)
I, [2015-03-02T16:43:27.713605 #6504]  INFO -- : Started GET "/" for 123.125.71.114 at 2015-03-02 16:43:27 +0000
I, [2015-03-02T16:43:27.735526 #6504]  INFO -- : Processing by HomeController#index as */*
I, [2015-03-02T16:43:27.746614 #6504]  INFO -- :   Rendered text template (0.1ms)
I, [2015-03-02T16:43:27.747338 #6504]  INFO -- :   Rendered home/index.html.erb within layouts/application (1.3ms)
I, [2015-03-02T16:43:27.763352 #6504]  INFO -- :   Rendered text template (0.2ms)
I, [2015-03-02T16:43:27.764392 #6504]  INFO -- :   Rendered text template (0.1ms)
I, [2015-03-02T16:43:27.765577 #6504]  INFO -- : Completed 200 OK in 30ms (Views: 28.4ms | ActiveRecord: 0.0ms)
I, [2015-03-02T16:43:28.463534 #6517]  INFO -- : Started GET "/" for 123.125.71.79 at 2015-03-02 16:43:28 +0000
I, [2015-03-02T16:43:28.492532 #6517]  INFO -- : Processing by HomeController#index as */*
I, [2015-03-02T16:43:28.517557 #6517]  INFO -- :   Rendered text template (0.1ms)
I, [2015-03-02T16:43:28.518310 #6517]  INFO -- :   Rendered home/index.html.erb within layouts/application (1.9ms)
I, [2015-03-02T16:43:28.536825 #6517]  INFO -- :   Rendered text template (0.1ms)
I, [2015-03-02T16:43:28.538324 #6517]  INFO -- :   Rendered text template (0.1ms)
I, [2015-03-02T16:43:28.539905 #6517]  INFO -- : Completed 200 OK in 47ms (Views: 42.4ms | ActiveRecord: 0.0ms)
I, [2015-03-02T16:43:30.458141 #6504]  INFO -- : Started GET "/users/new" for 91.201.244.150 at 2015-03-02 16:43:30 +0000
I, [2015-03-02T16:43:30.465357 #6504]  INFO -- : Processing by UsersController#new as HTML
I, [2015-03-02T16:43:30.477402 #6504]  INFO -- : Completed 500 Internal Server Error in 12ms
F, [2015-03-02T16:43:30.479333 #6504] FATAL -- : 
Gem::LoadError (bcrypt-ruby is not part of the bundle. Add it to Gemfile.):
  app/models/user.rb:11:in `<class:User>'
  app/models/user.rb:1:in `<top (required)>'
  app/controllers/users_controller.rb:3:in `new'


I, [2015-03-02T16:48:34.911347 #6514]  INFO -- : Started GET "/users/new" for 91.201.244.150 at 2015-03-02 16:48:34 +0000
I, [2015-03-02T16:48:35.047896 #6514]  INFO -- : Processing by UsersController#new as HTML
I, [2015-03-02T16:48:35.070047 #6514]  INFO -- : Completed 500 Internal Server Error in 21ms
F, [2015-03-02T16:48:35.074141 #6514] FATAL -- : 
Gem::LoadError (bcrypt-ruby is not part of the bundle. Add it to Gemfile.):
  app/models/user.rb:11:in `<class:User>'
  app/models/user.rb:1:in `<top (required)>'
  app/controllers/users_controller.rb:5:in `new'


I, [2015-03-02T16:48:52.327651 #11487]  INFO -- : Started GET "/users/new" for 91.201.244.150 at 2015-03-02 16:48:52 +0000
I, [2015-03-02T16:48:52.349394 #11487]  INFO -- : Processing by UsersController#new as HTML
I, [2015-03-02T16:48:52.408613 #11487]  INFO -- :   Rendered users/new.html.erb within layouts/application (23.7ms)
I, [2015-03-02T16:48:52.414889 #11487]  INFO -- :   Rendered text template (0.0ms)
I, [2015-03-02T16:48:52.415276 #11487]  INFO -- :   Rendered text template (0.0ms)
I, [2015-03-02T16:48:52.415762 #11487]  INFO -- : Completed 200 OK in 66ms (Views: 33.5ms | ActiveRecord: 5.2ms)
I, [2015-03-02T16:50:52.640439 #11490]  INFO -- : Started GET "/users" for 91.201.244.150 at 2015-03-02 16:50:52 +0000
I, [2015-03-02T16:50:52.720189 #11490]  INFO -- : Processing by UsersController#index as HTML
I, [2015-03-02T16:50:52.754478 #11490]  INFO -- :   Rendered text template (0.3ms)
I, [2015-03-02T16:50:52.755785 #11490]  INFO -- : Completed 200 OK in 35ms (Views: 6.3ms | ActiveRecord: 0.0ms)
I, [2015-03-02T16:50:56.032581 #11487]  INFO -- : Started GET "/users" for 91.201.244.150 at 2015-03-02 16:50:56 +0000
I, [2015-03-02T16:50:56.042031 #11487]  INFO -- : Processing by UsersController#index as HTML
I, [2015-03-02T16:50:56.044572 #11487]  INFO -- :   Rendered text template (0.1ms)
I, [2015-03-02T16:50:56.044858 #11487]  INFO -- : Completed 200 OK in 3ms (Views: 1.1ms | ActiveRecord: 0.0ms)
I, [2015-03-02T16:51:05.180583 #11490]  INFO -- : Started GET "/users" for 91.201.244.150 at 2015-03-02 16:51:05 +0000
I, [2015-03-02T16:51:05.248884 #11490]  INFO -- : Processing by UsersController#index as HTML
I, [2015-03-02T16:51:05.293486 #11490]  INFO -- :   Rendered users/index.html.erb within layouts/application (21.0ms)
I, [2015-03-02T16:51:05.319301 #11490]  INFO -- :   Rendered text template (0.1ms)
I, [2015-03-02T16:51:05.321061 #11490]  INFO -- :   Rendered text template (0.1ms)
I, [2015-03-02T16:51:05.322576 #11490]  INFO -- : Completed 200 OK in 73ms (Views: 43.1ms | ActiveRecord: 11.4ms)
I, [2015-03-02T16:51:17.332041 #11487]  INFO -- : Started GET "/users/%D1%82%D1%83%D1%86" for 91.201.244.150 at 2015-03-02 16:51:17 +0000
I, [2015-03-02T16:51:17.411573 #11487]  INFO -- : Processing by UsersController#show as HTML
I, [2015-03-02T16:51:17.411836 #11487]  INFO -- :   Parameters: {"id"=>"туц"}
I, [2015-03-02T16:51:17.418358 #11487]  INFO -- : Completed 500 Internal Server Error in 6ms
F, [2015-03-02T16:51:17.425066 #11487] FATAL -- : 
ActionView::MissingTemplate (Missing template users/show, application/show with {:locale=>[:en], :formats=>[:html], :handlers=>[:erb, :builder, :raw, :ruby, :jbuilder, :coffee]}. Searched in:
  * "/home/rails/app/views"
):
  actionpack (4.0.2) lib/action_view/path_set.rb:46:in `find'
  actionpack (4.0.2) lib/action_view/lookup_context.rb:122:in `find'
  actionpack (4.0.2) lib/action_view/renderer/abstract_renderer.rb:18:in `find_template'
  actionpack (4.0.2) lib/action_view/renderer/template_renderer.rb:35:in `determine_template'
  actionpack (4.0.2) lib/action_view/renderer/template_renderer.rb:8:in `render'
  actionpack (4.0.2) lib/action_view/renderer/renderer.rb:42:in `render_template'
  actionpack (4.0.2) lib/action_view/renderer/renderer.rb:23:in `render'
  actionpack (4.0.2) lib/abstract_controller/rendering.rb:127:in `_render_template'
  actionpack (4.0.2) lib/action_controller/metal/streaming.rb:219:in `_render_template'
  actionpack (4.0.2) lib/abstract_controller/rendering.rb:120:in `render_to_body'
  actionpack (4.0.2) lib/action_controller/metal/rendering.rb:33:in `render_to_body'
  actionpack (4.0.2) lib/action_controller/metal/renderers.rb:26:in `render_to_body'
  actionpack (4.0.2) lib/abstract_controller/rendering.rb:97:in `render'
  actionpack (4.0.2) lib/action_controller/metal/rendering.rb:16:in `render'
  actionpack (4.0.2) lib/action_controller/metal/instrumentation.rb:41:in `block (2 levels) in render'
  activesupport (4.0.2) lib/active_support/core_ext/benchmark.rb:12:in `block in ms'
  /usr/local/rvm/rubies/ruby-2.1.3/lib/ruby/2.1.0/benchmark.rb:294:in `realtime'
  activesupport (4.0.2) lib/active_support/core_ext/benchmark.rb:12:in `ms'
  actionpack (4.0.2) lib/action_controller/metal/instrumentation.rb:41:in `block in render'
  actionpack (4.0.2) lib/action_controller/metal/instrumentation.rb:84:in `cleanup_view_runtime'
  activerecord (4.0.2) lib/active_record/railties/controller_runtime.rb:25:in `cleanup_view_runtime'
  actionpack (4.0.2) lib/action_controller/metal/instrumentation.rb:40:in `render'
  actionpack (4.0.2) lib/action_controller/metal/implicit_render.rb:10:in `default_render'
  actionpack (4.0.2) lib/action_controller/metal/implicit_render.rb:5:in `send_action'
  actionpack (4.0.2) lib/abstract_controller/base.rb:189:in `process_action'
  actionpack (4.0.2) lib/action_controller/metal/rendering.rb:10:in `process_action'
  actionpack (4.0.2) lib/abstract_controller/callbacks.rb:18:in `block in process_action'
  activesupport (4.0.2) lib/active_support/callbacks.rb:403:in `_run__1218142553412300002__process_action__callbacks'
  activesupport (4.0.2) lib/active_support/callbacks.rb:80:in `run_callbacks'
  actionpack (4.0.2) lib/abstract_controller/callbacks.rb:17:in `process_action'
  actionpack (4.0.2) lib/action_controller/metal/rescue.rb:29:in `process_action'
  actionpack (4.0.2) lib/action_controller/metal/instrumentation.rb:31:in `block in process_action'
  activesupport (4.0.2) lib/active_support/notifications.rb:159:in `block in instrument'
  activesupport (4.0.2) lib/active_support/notifications/instrumenter.rb:20:in `instrument'
  activesupport (4.0.2) lib/active_support/notifications.rb:159:in `instrument'
  actionpack (4.0.2) lib/action_controller/metal/instrumentation.rb:30:in `process_action'
  actionpack (4.0.2) lib/action_controller/metal/params_wrapper.rb:245:in `process_action'
  activerecord (4.0.2) lib/active_record/railties/controller_runtime.rb:18:in `process_action'
  actionpack (4.0.2) lib/abstract_controller/base.rb:136:in `process'
  actionpack (4.0.2) lib/abstract_controller/rendering.rb:44:in `process'
  actionpack (4.0.2) lib/action_controller/metal.rb:195:in `dispatch'
  actionpack (4.0.2) lib/action_controller/metal/rack_delegation.rb:13:in `dispatch'
  actionpack (4.0.2) lib/action_controller/metal.rb:231:in `block in action'
  actionpack (4.0.2) lib/action_dispatch/routing/route_set.rb:80:in `call'
  actionpack (4.0.2) lib/action_dispatch/routing/route_set.rb:80:in `dispatch'
  actionpack (4.0.2) lib/action_dispatch/routing/route_set.rb:48:in `call'
  actionpack (4.0.2) lib/action_dispatch/journey/router.rb:71:in `block in call'
  actionpack (4.0.2) lib/action_dispatch/journey/router.rb:59:in `each'
  actionpack (4.0.2) lib/action_dispatch/journey/router.rb:59:in `call'
  actionpack (4.0.2) lib/action_dispatch/routing/route_set.rb:680:in `call'
  rack (1.5.2) lib/rack/etag.rb:23:in `call'
  rack (1.5.2) lib/rack/conditionalget.rb:25:in `call'
  rack (1.5.2) lib/rack/head.rb:11:in `call'
  actionpack (4.0.2) lib/action_dispatch/middleware/params_parser.rb:27:in `call'
  actionpack (4.0.2) lib/action_dispatch/middleware/flash.rb:241:in `call'
  rack (1.5.2) lib/rack/session/abstract/id.rb:225:in `context'
  rack (1.5.2) lib/rack/session/abstract/id.rb:220:in `call'
  actionpack (4.0.2) lib/action_dispatch/middleware/cookies.rb:486:in `call'
  activerecord (4.0.2) lib/active_record/query_cache.rb:36:in `call'
  activerecord (4.0.2) lib/active_record/connection_adapters/abstract/connection_pool.rb:626:in `call'
  actionpack (4.0.2) lib/action_dispatch/middleware/callbacks.rb:29:in `block in call'
  activesupport (4.0.2) lib/active_support/callbacks.rb:373:in `_run__2770659329289057143__call__callbacks'
  activesupport (4.0.2) lib/active_support/callbacks.rb:80:in `run_callbacks'
  actionpack (4.0.2) lib/action_dispatch/middleware/callbacks.rb:27:in `call'
  actionpack (4.0.2) lib/action_dispatch/middleware/reloader.rb:64:in `call'
  actionpack (4.0.2) lib/action_dispatch/middleware/remote_ip.rb:76:in `call'
  actionpack (4.0.2) lib/action_dispatch/middleware/debug_exceptions.rb:17:in `call'
  actionpack (4.0.2) lib/action_dispatch/middleware/show_exceptions.rb:30:in `call'
  railties (4.0.2) lib/rails/rack/logger.rb:38:in `call_app'
  railties (4.0.2) lib/rails/rack/logger.rb:20:in `block in call'
  activesupport (4.0.2) lib/active_support/tagged_logging.rb:67:in `block in tagged'
  activesupport (4.0.2) lib/active_support/tagged_logging.rb:25:in `tagged'
  activesupport (4.0.2) lib/active_support/tagged_logging.rb:67:in `tagged'
  railties (4.0.2) lib/rails/rack/logger.rb:20:in `call'
  actionpack (4.0.2) lib/action_dispatch/middleware/request_id.rb:21:in `call'
  rack (1.5.2) lib/rack/methodoverride.rb:21:in `call'
  rack (1.5.2) lib/rack/runtime.rb:17:in `call'
  activesupport (4.0.2) lib/active_support/cache/strategy/local_cache.rb:83:in `call'
  rack (1.5.2) lib/rack/lock.rb:17:in `call'
  rack (1.5.2) lib/rack/sendfile.rb:112:in `call'
  railties (4.0.2) lib/rails/engine.rb:511:in `call'
  railties (4.0.2) lib/rails/application.rb:97:in `call'
  unicorn (4.8.3) lib/unicorn/http_server.rb:576:in `process_client'
  unicorn (4.8.3) lib/unicorn/http_server.rb:670:in `worker_loop'
  unicorn (4.8.3) lib/unicorn/http_server.rb:525:in `spawn_missing_workers'
  unicorn (4.8.3) lib/unicorn/http_server.rb:140:in `start'
  unicorn (4.8.3) bin/unicorn:126:in `<top (required)>'
  /usr/local/rvm/gems/ruby-2.1.3/bin/unicorn:23:in `load'
  /usr/local/rvm/gems/ruby-2.1.3/bin/unicorn:23:in `<main>'
  /usr/local/rvm/gems/ruby-2.0.0-p353/bin/ruby_executable_hooks:15:in `eval'
  /usr/local/rvm/gems/ruby-2.0.0-p353/bin/ruby_executable_hooks:15:in `<main>'


I, [2015-03-02T16:51:20.872864 #11490]  INFO -- : Started GET "/users/new" for 91.201.244.150 at 2015-03-02 16:51:20 +0000
I, [2015-03-02T16:51:20.903787 #11490]  INFO -- : Processing by UsersController#new as HTML
I, [2015-03-02T16:51:21.021915 #11490]  INFO -- :   Rendered users/new.html.erb within layouts/application (45.4ms)
I, [2015-03-02T16:51:21.028398 #11490]  INFO -- :   Rendered text template (0.0ms)
I, [2015-03-02T16:51:21.028785 #11490]  INFO -- :   Rendered text template (0.0ms)
I, [2015-03-02T16:51:21.029474 #11490]  INFO -- : Completed 200 OK in 125ms (Views: 60.7ms | ActiveRecord: 6.5ms)
I, [2015-03-02T16:51:37.844672 #11487]  INFO -- : Started POST "/users" for 91.201.244.150 at 2015-03-02 16:51:37 +0000
I, [2015-03-02T16:51:37.851234 #11487]  INFO -- : Processing by UsersController#create as HTML
I, [2015-03-02T16:51:37.851390 #11487]  INFO -- :   Parameters: {"utf8"=>"✓", "authenticity_token"=>"Vr6hR/MCpKvm60D86W6+yYHRxrToHsR/QXRDZavrMKQ=", "user"=>{"name"=>"Bomb", "email"=>"xtc.inside@gmail.com", "password"=>"[FILTERED]", "password_confirmation"=>"[FILTERED]", "phone"=>"+380997938155", "country"=>"Украина"}, "commit"=>"Создать"}
I, [2015-03-02T16:51:37.978675 #11487]  INFO -- :   Rendered users/new.html.erb within layouts/application (5.2ms)
I, [2015-03-02T16:51:37.983557 #11487]  INFO -- :   Rendered text template (0.0ms)
I, [2015-03-02T16:51:37.986158 #11487]  INFO -- :   Rendered text template (0.0ms)
I, [2015-03-02T16:51:37.986663 #11487]  INFO -- : Completed 200 OK in 135ms (Views: 14.9ms | ActiveRecord: 2.2ms)
I, [2015-03-02T16:51:49.344776 #11484]  INFO -- : Started POST "/users" for 91.201.244.150 at 2015-03-02 16:51:49 +0000
I, [2015-03-02T16:51:49.451210 #11484]  INFO -- : Processing by UsersController#create as HTML
I, [2015-03-02T16:51:49.451533 #11484]  INFO -- :   Parameters: {"utf8"=>"✓", "authenticity_token"=>"Vr6hR/MCpKvm60D86W6+yYHRxrToHsR/QXRDZavrMKQ=", "user"=>{"name"=>"Bombins", "email"=>"xtc.inside@gmail.com", "password"=>"[FILTERED]", "password_confirmation"=>"[FILTERED]", "phone"=>"+380997938155", "country"=>"Украина"}, "commit"=>"Создать"}
I, [2015-03-02T16:51:49.940577 #11484]  INFO -- : Redirected to http://bombinside.info/items
I, [2015-03-02T16:51:49.940959 #11484]  INFO -- : Completed 302 Found in 489ms (ActiveRecord: 230.2ms)
I, [2015-03-02T16:51:50.007478 #11487]  INFO -- : Started GET "/items" for 91.201.244.150 at 2015-03-02 16:51:50 +0000
I, [2015-03-02T16:51:50.012573 #11487]  INFO -- : Processing by ItemsController#index as HTML
I, [2015-03-02T16:51:50.066528 #11487]  INFO -- :   Rendered items/index.html.erb within layouts/application (27.3ms)
I, [2015-03-02T16:51:50.070639 #11487]  INFO -- :   Rendered text template (0.0ms)
I, [2015-03-02T16:51:50.070859 #11487]  INFO -- :   Rendered text template (0.0ms)
I, [2015-03-02T16:51:50.071321 #11487]  INFO -- : Completed 200 OK in 59ms (Views: 50.3ms | ActiveRecord: 2.0ms)
I, [2015-03-02T16:51:55.428983 #11484]  INFO -- : Started GET "/users" for 91.201.244.150 at 2015-03-02 16:51:55 +0000
I, [2015-03-02T16:51:55.434001 #11484]  INFO -- : Processing by UsersController#index as HTML
I, [2015-03-02T16:51:55.445969 #11484]  INFO -- :   Rendered users/index.html.erb within layouts/application (7.3ms)
I, [2015-03-02T16:51:55.446295 #11484]  INFO -- : Completed 500 Internal Server Error in 12ms
F, [2015-03-02T16:51:55.449719 #11484] FATAL -- : 
ActionView::Template::Error (undefined method `i_photo' for #<User:0x00000005dae3c8>):
    27: 	<% @items.each do |item| %>
    28:             <div class="col-md-3 col-sm-6 hero-feature">
    29:                 <div class="thumbnail">
    30:                     <%= image_tag item.i_photo.url %>
    31:                     <div class="caption">
    32:                         <h3><%= item.name %></h3>
    33:                         <p><%= item.weigth %> kg.</p>
  app/views/users/index.html.erb:30:in `block in _app_views_users_index_html_erb___2408751208658026008_49033320'
  app/views/users/index.html.erb:27:in `_app_views_users_index_html_erb___2408751208658026008_49033320'


I, [2015-03-02T16:51:59.177522 #11481]  INFO -- : Started GET "/users" for 91.201.244.150 at 2015-03-02 16:51:59 +0000
I, [2015-03-02T16:51:59.245234 #11481]  INFO -- : Processing by UsersController#index as HTML
I, [2015-03-02T16:51:59.311225 #11481]  INFO -- :   Rendered users/index.html.erb within layouts/application (40.4ms)
I, [2015-03-02T16:51:59.311610 #11481]  INFO -- : Completed 500 Internal Server Error in 66ms
F, [2015-03-02T16:51:59.314761 #11481] FATAL -- : 
ActionView::Template::Error (undefined method `i_photo' for #<User:0x00000005c000a8>):
    27: 	<% @items.each do |item| %>
    28:             <div class="col-md-3 col-sm-6 hero-feature">
    29:                 <div class="thumbnail">
    30:                     <%= image_tag item.i_photo.url %>
    31:                     <div class="caption">
    32:                         <h3><%= item.name %></h3>
    33:                         <p><%= item.weigth %> kg.</p>
  app/views/users/index.html.erb:30:in `block in _app_views_users_index_html_erb___2408751208658026008_48097040'
  app/views/users/index.html.erb:27:in `_app_views_users_index_html_erb___2408751208658026008_48097040'


I, [2015-03-02T16:52:02.288361 #11484]  INFO -- : Started GET "/users" for 91.201.244.150 at 2015-03-02 16:52:02 +0000
I, [2015-03-02T16:52:02.291515 #11484]  INFO -- : Processing by UsersController#index as HTML
I, [2015-03-02T16:52:02.296008 #11484]  INFO -- :   Rendered users/index.html.erb within layouts/application (2.1ms)
I, [2015-03-02T16:52:02.296153 #11484]  INFO -- : Completed 500 Internal Server Error in 5ms
F, [2015-03-02T16:52:02.297859 #11484] FATAL -- : 
ActionView::Template::Error (undefined method `i_photo' for #<User:0x00000005e0acb8>):
    27: 	<% @items.each do |item| %>
    28:             <div class="col-md-3 col-sm-6 hero-feature">
    29:                 <div class="thumbnail">
    30:                     <%= image_tag item.i_photo.url %>
    31:                     <div class="caption">
    32:                         <h3><%= item.name %></h3>
    33:                         <p><%= item.weigth %> kg.</p>
  app/views/users/index.html.erb:30:in `block in _app_views_users_index_html_erb___2408751208658026008_49033320'
  app/views/users/index.html.erb:27:in `_app_views_users_index_html_erb___2408751208658026008_49033320'


I, [2015-03-02T16:53:10.798904 #11481]  INFO -- : Started GET "/users" for 91.201.244.150 at 2015-03-02 16:53:10 +0000
I, [2015-03-02T16:53:10.866741 #11481]  INFO -- : Processing by UsersController#index as HTML
I, [2015-03-02T16:53:10.905052 #11481]  INFO -- :   Rendered users/index.html.erb within layouts/application (26.2ms)
I, [2015-03-02T16:53:10.905383 #11481]  INFO -- : Completed 500 Internal Server Error in 38ms
F, [2015-03-02T16:53:10.907397 #11481] FATAL -- : 
ActionView::Template::Error (undefined method `i_photo' for #<User:0x00000005f0db60>):
    27: 	<% @items.each do |item| %>
    28:             <div class="col-md-3 col-sm-6 hero-feature">
    29:                 <div class="thumbnail">
    30:                     <%= image_tag item.i_photo.url %>
    31:                     <div class="caption">
    32:                         <h3><%= item.name %></h3>
    33:                         <p><%= item.weigth %> kg.</p>
  app/views/users/index.html.erb:30:in `block in _app_views_users_index_html_erb___2408751208658026008_48097040'
  app/views/users/index.html.erb:27:in `_app_views_users_index_html_erb___2408751208658026008_48097040'


I, [2015-03-02T16:53:26.070081 #11651]  INFO -- : Started GET "/users" for 91.201.244.150 at 2015-03-02 16:53:26 +0000
I, [2015-03-02T16:53:26.082370 #11651]  INFO -- : Processing by UsersController#index as HTML
I, [2015-03-02T16:53:26.116664 #11651]  INFO -- :   Rendered users/index.html.erb within layouts/application (24.2ms)
I, [2015-03-02T16:53:26.116870 #11651]  INFO -- : Completed 500 Internal Server Error in 34ms
F, [2015-03-02T16:53:26.118823 #11651] FATAL -- : 
ActionView::Template::Error (undefined method `i_photo' for #<User:0x000000046c4270>):
    27: 	<% @items.each do |item| %>
    28:             <div class="col-md-3 col-sm-6 hero-feature">
    29:                 <div class="thumbnail">
    30:                     <%= image_tag item.i_photo.url %>
    31:                     <div class="caption">
    32:                         <h3><%= item.name %></h3>
    33:                         <p><%= item.weigth %> kg.</p>
  app/views/users/index.html.erb:30:in `block in _app_views_users_index_html_erb__3631539942271346871_36972440'
  app/views/users/index.html.erb:27:in `_app_views_users_index_html_erb__3631539942271346871_36972440'


I, [2015-03-02T16:53:31.724989 #11656]  INFO -- : Started GET "/" for 91.201.244.150 at 2015-03-02 16:53:31 +0000
I, [2015-03-02T16:53:31.747994 #11656]  INFO -- : Processing by HomeController#index as HTML
I, [2015-03-02T16:53:31.772087 #11656]  INFO -- :   Rendered text template (0.0ms)
I, [2015-03-02T16:53:31.772510 #11656]  INFO -- :   Rendered home/index.html.erb within layouts/application (2.4ms)
I, [2015-03-02T16:53:31.786807 #11656]  INFO -- :   Rendered text template (0.1ms)
I, [2015-03-02T16:53:31.788041 #11656]  INFO -- :   Rendered text template (0.0ms)
I, [2015-03-02T16:53:31.789309 #11656]  INFO -- : Completed 200 OK in 41ms (Views: 23.7ms | ActiveRecord: 0.0ms)
I, [2015-03-02T16:55:32.873709 #11659]  INFO -- : Started GET "/users" for 91.201.244.150 at 2015-03-02 16:55:32 +0000
I, [2015-03-02T16:55:32.974803 #11659]  INFO -- : Processing by UsersController#index as HTML
I, [2015-03-02T16:55:33.079215 #11659]  INFO -- :   Rendered users/index.html.erb within layouts/application (63.2ms)
I, [2015-03-02T16:55:33.079474 #11659]  INFO -- : Completed 500 Internal Server Error in 104ms
F, [2015-03-02T16:55:33.082725 #11659] FATAL -- : 
ActionView::Template::Error (No route matches {:id=>#<User blah: nil, avatar_file_name: nil, avatar_content_type: nil, avatar_file_size: nil, avatar_updated_at: nil, name: "Bombins", surname: nil, birth_date: nil, email: "xtc.inside@gmail.com", phone: "+380997938155", country: "\xD0\xA3\xD0\xBA\xD1\x80\xD0\xB0\xD0\xB8\xD0\xBD\xD0\xB0", town: nil, state: nil, deleted: nil, admin: nil, password: nil, login: nil, created_at: "2015-03-02 16:51:49", updated_at: "2015-03-02 16:51:49", password_digest: "$2a$10$CnQbhblJvntRr6V9dkXDq.Ts4FenRZ4qHDn/N.wuWO09...">} missing required keys: [:id]):
    33:                         <p><%= item.phone %></p>
    34:                         <p><%= item.password %></p>
    35:                         <p>
    36:                          <a href="<%= item_path(item) %>" class="btn btn-default">Подробнее</a>
    37:                          <!--   <%= link_to "Delete", item_path(item), method: :delete, data: { confirm: "Are U sure ?" }, :class=>"btn btn-danger" %> -->
    38:                          <!-- <span>Ставки: <%= item.votes_count %></span>
    39:                             <%= link_to "", upvote_item_path(item), :class => "glyphicon glyphicon-thumbs-up" %>
  app/views/users/index.html.erb:36:in `block in _app_views_users_index_html_erb__3631539942271346871_37714560'
  app/views/users/index.html.erb:27:in `_app_views_users_index_html_erb__3631539942271346871_37714560'


I, [2015-03-02T16:56:01.630903 #11656]  INFO -- : Started GET "/users" for 91.201.244.150 at 2015-03-02 16:56:01 +0000
I, [2015-03-02T16:56:01.668916 #11656]  INFO -- : Processing by UsersController#index as HTML
I, [2015-03-02T16:56:01.706909 #11656]  INFO -- :   Rendered users/index.html.erb within layouts/application (27.2ms)
I, [2015-03-02T16:56:01.712132 #11656]  INFO -- :   Rendered text template (0.0ms)
I, [2015-03-02T16:56:01.712569 #11656]  INFO -- :   Rendered text template (0.0ms)
I, [2015-03-02T16:56:01.713079 #11656]  INFO -- : Completed 200 OK in 44ms (Views: 32.5ms | ActiveRecord: 2.8ms)
I, [2015-03-02T17:02:02.499191 #11651]  INFO -- : Started GET "/users/new" for 91.201.244.150 at 2015-03-02 17:02:02 +0000
I, [2015-03-02T17:02:02.570840 #11651]  INFO -- : Processing by UsersController#new as HTML
I, [2015-03-02T17:02:02.683198 #11651]  INFO -- :   Rendered users/new.html.erb within layouts/application (45.1ms)
I, [2015-03-02T17:02:02.694030 #11651]  INFO -- :   Rendered text template (0.0ms)
I, [2015-03-02T17:02:02.694536 #11651]  INFO -- :   Rendered text template (0.0ms)
I, [2015-03-02T17:02:02.695516 #11651]  INFO -- : Completed 200 OK in 124ms (Views: 62.2ms | ActiveRecord: 5.9ms)
I, [2015-03-02T17:02:19.372195 #11656]  INFO -- : Started POST "/users" for 91.201.244.150 at 2015-03-02 17:02:19 +0000
I, [2015-03-02T17:02:19.453240 #11656]  INFO -- : Processing by UsersController#create as HTML
I, [2015-03-02T17:02:19.453568 #11656]  INFO -- :   Parameters: {"utf8"=>"✓", "authenticity_token"=>"Vr6hR/MCpKvm60D86W6+yYHRxrToHsR/QXRDZavrMKQ=", "user"=>{"name"=>"stinger", "email"=>"xtc.inside@gmail.com", "password"=>"[FILTERED]", "password_confirmation"=>"[FILTERED]", "phone"=>"+380997938155", "country"=>"Украина"}, "commit"=>"Создать"}
I, [2015-03-02T17:02:19.924219 #11656]  INFO -- : Redirected to http://bombinside.info/users
I, [2015-03-02T17:02:19.924605 #11656]  INFO -- : Completed 302 Found in 471ms (ActiveRecord: 238.0ms)
I, [2015-03-02T17:02:19.988395 #11659]  INFO -- : Started GET "/users" for 91.201.244.150 at 2015-03-02 17:02:19 +0000
I, [2015-03-02T17:02:20.031388 #11659]  INFO -- : Processing by UsersController#index as HTML
I, [2015-03-02T17:02:20.069211 #11659]  INFO -- :   Rendered users/index.html.erb within layouts/application (25.7ms)
I, [2015-03-02T17:02:20.075755 #11659]  INFO -- :   Rendered text template (0.0ms)
I, [2015-03-02T17:02:20.076194 #11659]  INFO -- :   Rendered text template (0.0ms)
I, [2015-03-02T17:02:20.076747 #11659]  INFO -- : Completed 200 OK in 45ms (Views: 33.1ms | ActiveRecord: 2.4ms)
I, [2015-03-02T17:05:26.931006 #11656]  INFO -- : Started GET "/users/new" for 91.201.244.150 at 2015-03-02 17:05:26 +0000
I, [2015-03-02T17:05:26.943787 #11656]  INFO -- : Processing by UsersController#new as HTML
I, [2015-03-02T17:05:26.982107 #11656]  INFO -- :   Rendered users/new.html.erb within layouts/application (31.1ms)
I, [2015-03-02T17:05:26.987969 #11656]  INFO -- :   Rendered text template (0.0ms)
I, [2015-03-02T17:05:26.988322 #11656]  INFO -- :   Rendered text template (0.0ms)
I, [2015-03-02T17:05:26.988923 #11656]  INFO -- : Completed 200 OK in 45ms (Views: 41.6ms | ActiveRecord: 0.0ms)
I, [2015-03-02T17:05:32.297112 #11653]  INFO -- : Started GET "/users" for 91.201.244.150 at 2015-03-02 17:05:32 +0000
I, [2015-03-02T17:05:32.356958 #11653]  INFO -- : Processing by UsersController#index as HTML
I, [2015-03-02T17:05:32.410631 #11653]  INFO -- :   Rendered users/index.html.erb within layouts/application (30.3ms)
I, [2015-03-02T17:05:32.416885 #11653]  INFO -- :   Rendered text template (0.0ms)
I, [2015-03-02T17:05:32.417478 #11653]  INFO -- :   Rendered text template (0.0ms)
I, [2015-03-02T17:05:32.418065 #11653]  INFO -- : Completed 200 OK in 61ms (Views: 37.0ms | ActiveRecord: 3.5ms)
I, [2015-03-02T17:24:03.201280 #11651]  INFO -- : Started GET "/users" for 91.201.244.150 at 2015-03-02 17:24:03 +0000
I, [2015-03-02T17:24:03.245045 #11651]  INFO -- : Processing by UsersController#index as HTML
I, [2015-03-02T17:24:03.282701 #11651]  INFO -- :   Rendered users/index.html.erb within layouts/application (26.0ms)
I, [2015-03-02T17:24:03.292352 #11651]  INFO -- :   Rendered text template (0.0ms)
I, [2015-03-02T17:24:03.292941 #11651]  INFO -- :   Rendered text template (0.0ms)
I, [2015-03-02T17:24:03.293475 #11651]  INFO -- : Completed 200 OK in 48ms (Views: 35.7ms | ActiveRecord: 3.6ms)
I, [2015-03-02T17:24:11.362779 #11653]  INFO -- : Started GET "/users" for 91.201.244.150 at 2015-03-02 17:24:11 +0000
I, [2015-03-02T17:24:11.430686 #11653]  INFO -- : Processing by UsersController#index as HTML
I, [2015-03-02T17:24:11.467906 #11653]  INFO -- :   Rendered users/index.html.erb within layouts/application (25.4ms)
I, [2015-03-02T17:24:11.473119 #11653]  INFO -- :   Rendered text template (0.0ms)
I, [2015-03-02T17:24:11.473579 #11653]  INFO -- :   Rendered text template (0.0ms)
I, [2015-03-02T17:24:11.474132 #11653]  INFO -- : Completed 200 OK in 43ms (Views: 31.3ms | ActiveRecord: 2.6ms)
I, [2015-03-02T17:24:15.499348 #11651]  INFO -- : Started GET "/" for 91.201.244.150 at 2015-03-02 17:24:15 +0000
I, [2015-03-02T17:24:15.507913 #11651]  INFO -- : Processing by HomeController#index as HTML
I, [2015-03-02T17:24:15.513426 #11651]  INFO -- :   Rendered text template (0.0ms)
I, [2015-03-02T17:24:15.513673 #11651]  INFO -- :   Rendered home/index.html.erb within layouts/application (1.5ms)
I, [2015-03-02T17:24:15.518690 #11651]  INFO -- :   Rendered text template (0.0ms)
I, [2015-03-02T17:24:15.519116 #11651]  INFO -- :   Rendered text template (0.0ms)
I, [2015-03-02T17:24:15.519509 #11651]  INFO -- : Completed 200 OK in 11ms (Views: 9.8ms | ActiveRecord: 0.0ms)
I, [2015-03-02T17:24:28.258168 #11653]  INFO -- : Started GET "/" for 91.201.244.150 at 2015-03-02 17:24:28 +0000
I, [2015-03-02T17:24:28.266260 #11653]  INFO -- : Processing by HomeController#index as HTML
I, [2015-03-02T17:24:28.273267 #11653]  INFO -- :   Rendered text template (0.1ms)
I, [2015-03-02T17:24:28.273600 #11653]  INFO -- :   Rendered home/index.html.erb within layouts/application (2.6ms)
I, [2015-03-02T17:24:28.282151 #11653]  INFO -- :   Rendered text template (0.0ms)
I, [2015-03-02T17:24:28.282815 #11653]  INFO -- :   Rendered text template (0.0ms)
I, [2015-03-02T17:24:28.304244 #11653]  INFO -- : Completed 500 Internal Server Error in 38ms
F, [2015-03-02T17:24:28.306444 #11653] FATAL -- : 
ActionView::Template::Error (undefined local variable or method `new_session_path' for #<#<Class:0x00000004d3bea0>:0x00000004d3b248>):
    75:                 </ul>
    76:                 <ul class="nav navbar-right">
    77:                     <li>
    78:                         <a href="<%= new_session_path %>">Вход</a>
    79:                     </li>
    80:                 </ul>
    81:             </div>
  app/views/layouts/application.html.erb:78:in `_app_views_layouts_application_html_erb___703013963450086457_40485040'


I, [2015-03-02T17:26:40.982393 #11651]  INFO -- : Started GET "/" for 91.201.244.150 at 2015-03-02 17:26:40 +0000
I, [2015-03-02T17:26:40.985546 #11651]  INFO -- : Processing by HomeController#index as HTML
I, [2015-03-02T17:26:40.987571 #11651]  INFO -- :   Rendered text template (0.0ms)
I, [2015-03-02T17:26:40.987744 #11651]  INFO -- :   Rendered home/index.html.erb within layouts/application (0.4ms)
I, [2015-03-02T17:26:40.992715 #11651]  INFO -- :   Rendered text template (0.0ms)
I, [2015-03-02T17:26:40.993011 #11651]  INFO -- :   Rendered text template (0.0ms)
I, [2015-03-02T17:26:40.993527 #11651]  INFO -- : Completed 200 OK in 8ms (Views: 7.3ms | ActiveRecord: 0.0ms)
I, [2015-03-02T17:27:21.453994 #11653]  INFO -- : Started GET "/" for 91.201.244.150 at 2015-03-02 17:27:21 +0000
I, [2015-03-02T17:27:21.460832 #11653]  INFO -- : Processing by HomeController#index as HTML
I, [2015-03-02T17:27:21.464265 #11653]  INFO -- :   Rendered text template (0.1ms)
I, [2015-03-02T17:27:21.464629 #11653]  INFO -- :   Rendered home/index.html.erb within layouts/application (0.8ms)
I, [2015-03-02T17:27:21.470991 #11653]  INFO -- :   Rendered text template (0.0ms)
I, [2015-03-02T17:27:21.471416 #11653]  INFO -- :   Rendered text template (0.0ms)
I, [2015-03-02T17:27:21.471998 #11653]  INFO -- : Completed 200 OK in 11ms (Views: 9.9ms | ActiveRecord: 0.0ms)
I, [2015-03-02T17:27:24.173550 #11659]  INFO -- : Started GET "/" for 91.201.244.150 at 2015-03-02 17:27:24 +0000
I, [2015-03-02T17:27:24.219311 #11659]  INFO -- : Processing by HomeController#index as HTML
I, [2015-03-02T17:27:24.226003 #11659]  INFO -- :   Rendered text template (0.0ms)
I, [2015-03-02T17:27:24.226223 #11659]  INFO -- :   Rendered home/index.html.erb within layouts/application (2.0ms)
I, [2015-03-02T17:27:24.232265 #11659]  INFO -- :   Rendered text template (0.0ms)
I, [2015-03-02T17:27:24.232727 #11659]  INFO -- :   Rendered text template (0.0ms)
I, [2015-03-02T17:27:24.233369 #11659]  INFO -- : Completed 200 OK in 14ms (Views: 11.7ms | ActiveRecord: 0.0ms)
I, [2015-03-02T17:27:49.571800 #11653]  INFO -- : Started GET "/" for 91.201.244.150 at 2015-03-02 17:27:49 +0000
I, [2015-03-02T17:27:49.573968 #11653]  INFO -- : Processing by HomeController#index as HTML
I, [2015-03-02T17:27:49.576078 #11653]  INFO -- :   Rendered text template (0.0ms)
I, [2015-03-02T17:27:49.576260 #11653]  INFO -- :   Rendered home/index.html.erb within layouts/application (0.4ms)
I, [2015-03-02T17:27:49.580732 #11653]  INFO -- :   Rendered text template (0.0ms)
I, [2015-03-02T17:27:49.581014 #11653]  INFO -- :   Rendered text template (0.0ms)
I, [2015-03-02T17:27:49.581462 #11653]  INFO -- : Completed 200 OK in 7ms (Views: 6.8ms | ActiveRecord: 0.0ms)
I, [2015-03-02T17:27:55.902860 #11651]  INFO -- : Started GET "/" for 91.201.244.150 at 2015-03-02 17:27:55 +0000
I, [2015-03-02T17:27:55.909306 #11651]  INFO -- : Processing by HomeController#index as HTML
I, [2015-03-02T17:27:55.949729 #11651]  INFO -- :   Rendered text template (0.0ms)
I, [2015-03-02T17:27:55.950188 #11651]  INFO -- :   Rendered home/index.html.erb within layouts/application (0.4ms)
I, [2015-03-02T17:27:55.956258 #11651]  INFO -- :   Rendered text template (0.0ms)
I, [2015-03-02T17:27:55.956680 #11651]  INFO -- :   Rendered text template (0.0ms)
I, [2015-03-02T17:27:55.957050 #11651]  INFO -- : Completed 200 OK in 48ms (Views: 9.2ms | ActiveRecord: 0.0ms)
I, [2015-03-02T17:28:01.083728 #11659]  INFO -- : Started GET "/login" for 91.201.244.150 at 2015-03-02 17:28:01 +0000
I, [2015-03-02T17:28:01.092356 #11659]  INFO -- : Processing by SessionsController#new as HTML
I, [2015-03-02T17:28:01.097411 #11659]  INFO -- :   Rendered sessions/new.html.erb within layouts/application (0.7ms)
I, [2015-03-02T17:28:01.103732 #11659]  INFO -- :   Rendered text template (0.0ms)
I, [2015-03-02T17:28:01.104232 #11659]  INFO -- :   Rendered text template (0.0ms)
I, [2015-03-02T17:28:01.104799 #11659]  INFO -- : Completed 200 OK in 12ms (Views: 10.5ms | ActiveRecord: 0.0ms)
I, [2015-03-02T17:31:21.933115 #11656]  INFO -- : Started GET "/login" for 91.201.244.150 at 2015-03-02 17:31:21 +0000
I, [2015-03-02T17:31:21.977023 #11656]  INFO -- : Processing by SessionsController#new as HTML
I, [2015-03-02T17:31:21.982318 #11656]  INFO -- :   Rendered sessions/new.html.erb within layouts/application (0.8ms)
I, [2015-03-02T17:31:22.015252 #11656]  INFO -- :   Rendered text template (0.0ms)
I, [2015-03-02T17:31:22.015729 #11656]  INFO -- :   Rendered text template (0.0ms)
I, [2015-03-02T17:31:22.016185 #11656]  INFO -- : Completed 200 OK in 39ms (Views: 37.2ms | ActiveRecord: 0.0ms)
I, [2015-03-02T17:31:54.412624 #11651]  INFO -- : Started GET "/login" for 91.201.244.150 at 2015-03-02 17:31:54 +0000
I, [2015-03-02T17:31:54.439798 #11651]  INFO -- : Processing by SessionsController#new as HTML
I, [2015-03-02T17:31:54.452393 #11651]  INFO -- :   Rendered sessions/new.html.erb within layouts/application (2.0ms)
I, [2015-03-02T17:31:54.464990 #11651]  INFO -- :   Rendered text template (0.1ms)
I, [2015-03-02T17:31:54.466111 #11651]  INFO -- :   Rendered text template (0.0ms)
I, [2015-03-02T17:31:54.467678 #11651]  INFO -- : Completed 200 OK in 27ms (Views: 23.0ms | ActiveRecord: 0.0ms)
I, [2015-03-02T17:31:57.109104 #11656]  INFO -- : Started GET "/login" for 91.201.244.150 at 2015-03-02 17:31:57 +0000
I, [2015-03-02T17:31:57.115393 #11656]  INFO -- : Processing by SessionsController#new as HTML
I, [2015-03-02T17:31:57.118471 #11656]  INFO -- :   Rendered sessions/new.html.erb within layouts/application (0.1ms)
I, [2015-03-02T17:31:57.123549 #11656]  INFO -- :   Rendered text template (0.0ms)
I, [2015-03-02T17:31:57.123905 #11656]  INFO -- :   Rendered text template (0.0ms)
I, [2015-03-02T17:31:57.124429 #11656]  INFO -- : Completed 200 OK in 9ms (Views: 7.8ms | ActiveRecord: 0.0ms)
I, [2015-03-02T17:32:02.076591 #11651]  INFO -- : Started GET "/login" for 91.201.244.150 at 2015-03-02 17:32:02 +0000
I, [2015-03-02T17:32:02.086787 #11651]  INFO -- : Processing by SessionsController#new as HTML
I, [2015-03-02T17:32:02.095670 #11651]  INFO -- :   Rendered sessions/new.html.erb within layouts/application (2.0ms)
I, [2015-03-02T17:32:02.111157 #11651]  INFO -- :   Rendered text template (0.1ms)
I, [2015-03-02T17:32:02.112322 #11651]  INFO -- :   Rendered text template (0.2ms)
I, [2015-03-02T17:32:02.113422 #11651]  INFO -- : Completed 200 OK in 26ms (Views: 24.4ms | ActiveRecord: 0.0ms)
I, [2015-03-02T17:33:13.198900 #11659]  INFO -- : Started GET "/login" for 91.201.244.150 at 2015-03-02 17:33:13 +0000
I, [2015-03-02T17:33:13.207890 #11659]  INFO -- : Processing by SessionsController#new as HTML
I, [2015-03-02T17:33:13.212959 #11659]  INFO -- :   Rendered sessions/new.html.erb within layouts/application (1.0ms)
I, [2015-03-02T17:33:13.218649 #11659]  INFO -- :   Rendered text template (0.0ms)
I, [2015-03-02T17:33:13.219236 #11659]  INFO -- :   Rendered text template (0.0ms)
I, [2015-03-02T17:33:13.219776 #11659]  INFO -- : Completed 200 OK in 12ms (Views: 10.2ms | ActiveRecord: 0.0ms)
I, [2015-03-02T17:34:48.637371 #11651]  INFO -- : Started GET "/login" for 91.201.244.150 at 2015-03-02 17:34:48 +0000
I, [2015-03-02T17:34:48.644098 #11651]  INFO -- : Processing by SessionsController#new as HTML
I, [2015-03-02T17:34:48.652385 #11651]  INFO -- :   Rendered sessions/new.html.erb within layouts/application (1.7ms)
I, [2015-03-02T17:34:48.668001 #11651]  INFO -- :   Rendered text template (0.1ms)
I, [2015-03-02T17:34:48.669109 #11651]  INFO -- :   Rendered text template (0.1ms)
I, [2015-03-02T17:34:48.670362 #11651]  INFO -- : Completed 200 OK in 26ms (Views: 24.1ms | ActiveRecord: 0.0ms)
I, [2015-03-02T17:54:04.090622 #11659]  INFO -- : Started GET "/" for 220.181.108.168 at 2015-03-02 17:54:04 +0000
I, [2015-03-02T17:54:04.104073 #11659]  INFO -- : Processing by HomeController#index as */*
I, [2015-03-02T17:54:04.114941 #11659]  INFO -- :   Rendered text template (0.1ms)
I, [2015-03-02T17:54:04.115465 #11659]  INFO -- :   Rendered home/index.html.erb within layouts/application (3.8ms)
I, [2015-03-02T17:54:04.124828 #11659]  INFO -- :   Rendered text template (0.1ms)
I, [2015-03-02T17:54:04.125626 #11659]  INFO -- :   Rendered text template (0.0ms)
I, [2015-03-02T17:54:04.126329 #11659]  INFO -- : Completed 200 OK in 22ms (Views: 20.6ms | ActiveRecord: 0.0ms)
I, [2015-03-02T17:54:04.507499 #11656]  INFO -- : Started GET "/" for 220.181.108.168 at 2015-03-02 17:54:04 +0000
I, [2015-03-02T17:54:04.523182 #11656]  INFO -- : Processing by HomeController#index as */*
I, [2015-03-02T17:54:04.532251 #11656]  INFO -- :   Rendered text template (0.0ms)
I, [2015-03-02T17:54:04.532540 #11656]  INFO -- :   Rendered home/index.html.erb within layouts/application (2.3ms)
I, [2015-03-02T17:54:04.538661 #11656]  INFO -- :   Rendered text template (0.0ms)
I, [2015-03-02T17:54:04.539724 #11656]  INFO -- :   Rendered text template (0.0ms)
I, [2015-03-02T17:54:04.540462 #11656]  INFO -- : Completed 200 OK in 17ms (Views: 14.7ms | ActiveRecord: 0.0ms)
I, [2015-03-02T17:54:13.194486 #11659]  INFO -- : Started GET "/" for 123.125.71.25 at 2015-03-02 17:54:13 +0000
I, [2015-03-02T17:54:13.197912 #11659]  INFO -- : Processing by HomeController#index as */*
I, [2015-03-02T17:54:13.202632 #11659]  INFO -- :   Rendered text template (0.0ms)
I, [2015-03-02T17:54:13.202928 #11659]  INFO -- :   Rendered home/index.html.erb within layouts/application (0.5ms)
I, [2015-03-02T17:54:13.249099 #11659]  INFO -- :   Rendered text template (0.0ms)
I, [2015-03-02T17:54:13.249552 #11659]  INFO -- :   Rendered text template (0.0ms)
I, [2015-03-02T17:54:13.249913 #11659]  INFO -- : Completed 200 OK in 52ms (Views: 51.4ms | ActiveRecord: 0.0ms)
I, [2015-03-02T17:54:13.910335 #11656]  INFO -- : Started GET "/" for 123.125.71.24 at 2015-03-02 17:54:13 +0000
I, [2015-03-02T17:54:13.913591 #11656]  INFO -- : Processing by HomeController#index as */*
I, [2015-03-02T17:54:13.916674 #11656]  INFO -- :   Rendered text template (0.0ms)
I, [2015-03-02T17:54:13.916929 #11656]  INFO -- :   Rendered home/index.html.erb within layouts/application (0.3ms)
I, [2015-03-02T17:54:13.921826 #11656]  INFO -- :   Rendered text template (0.0ms)
I, [2015-03-02T17:54:13.922105 #11656]  INFO -- :   Rendered text template (0.0ms)
I, [2015-03-02T17:54:13.922642 #11656]  INFO -- : Completed 200 OK in 9ms (Views: 8.6ms | ActiveRecord: 0.0ms)
I, [2015-03-02T19:10:25.422841 #11651]  INFO -- : Started GET "/" for 220.181.108.182 at 2015-03-02 19:10:25 +0000
I, [2015-03-02T19:10:25.441799 #11651]  INFO -- : Processing by HomeController#index as */*
I, [2015-03-02T19:10:25.458107 #11651]  INFO -- :   Rendered text template (0.1ms)
I, [2015-03-02T19:10:25.458576 #11651]  INFO -- :   Rendered home/index.html.erb within layouts/application (5.2ms)
I, [2015-03-02T19:10:25.471977 #11651]  INFO -- :   Rendered text template (0.1ms)
I, [2015-03-02T19:10:25.473041 #11651]  INFO -- :   Rendered text template (0.0ms)
I, [2015-03-02T19:10:25.474486 #11651]  INFO -- : Completed 200 OK in 32ms (Views: 30.2ms | ActiveRecord: 0.0ms)
I, [2015-03-02T19:10:25.873379 #11653]  INFO -- : Started GET "/" for 220.181.108.160 at 2015-03-02 19:10:25 +0000
I, [2015-03-02T19:10:25.883654 #11653]  INFO -- : Processing by HomeController#index as */*
I, [2015-03-02T19:10:25.895089 #11653]  INFO -- :   Rendered text template (0.0ms)
I, [2015-03-02T19:10:25.895459 #11653]  INFO -- :   Rendered home/index.html.erb within layouts/application (3.7ms)
I, [2015-03-02T19:10:25.904323 #11653]  INFO -- :   Rendered text template (0.0ms)
I, [2015-03-02T19:10:25.904987 #11653]  INFO -- :   Rendered text template (0.0ms)
I, [2015-03-02T19:10:25.905661 #11653]  INFO -- : Completed 200 OK in 22ms (Views: 19.8ms | ActiveRecord: 0.0ms)
I, [2015-03-02T19:10:34.686706 #11651]  INFO -- : Started GET "/" for 123.125.71.85 at 2015-03-02 19:10:34 +0000
I, [2015-03-02T19:10:34.688900 #11651]  INFO -- : Processing by HomeController#index as */*
I, [2015-03-02T19:10:34.692249 #11651]  INFO -- :   Rendered text template (0.0ms)
I, [2015-03-02T19:10:34.692439 #11651]  INFO -- :   Rendered home/index.html.erb within layouts/application (0.3ms)
I, [2015-03-02T19:10:34.697392 #11651]  INFO -- :   Rendered text template (0.0ms)
I, [2015-03-02T19:10:34.697669 #11651]  INFO -- :   Rendered text template (0.0ms)
I, [2015-03-02T19:10:34.698095 #11651]  INFO -- : Completed 200 OK in 9ms (Views: 8.7ms | ActiveRecord: 0.0ms)
I, [2015-03-02T19:15:36.202842 #11653]  INFO -- : Started GET "/" for 220.181.108.165 at 2015-03-02 19:15:36 +0000
I, [2015-03-02T19:15:36.205838 #11653]  INFO -- : Processing by HomeController#index as */*
I, [2015-03-02T19:15:36.209557 #11653]  INFO -- :   Rendered text template (0.0ms)
I, [2015-03-02T19:15:36.209792 #11653]  INFO -- :   Rendered home/index.html.erb within layouts/application (0.5ms)
I, [2015-03-02T19:15:36.214516 #11653]  INFO -- :   Rendered text template (0.0ms)
I, [2015-03-02T19:15:36.214959 #11653]  INFO -- :   Rendered text template (0.1ms)
I, [2015-03-02T19:15:36.215483 #11653]  INFO -- : Completed 200 OK in 9ms (Views: 9.0ms | ActiveRecord: 0.0ms)
I, [2015-03-02T19:33:18.055078 #11659]  INFO -- : Started GET "/users" for 91.201.242.86 at 2015-03-02 19:33:18 +0000
I, [2015-03-02T19:33:18.104275 #11659]  INFO -- : Processing by UsersController#index as HTML
I, [2015-03-02T19:33:18.204507 #11659]  INFO -- :   Rendered users/index.html.erb within layouts/application (61.4ms)
I, [2015-03-02T19:33:18.213881 #11659]  INFO -- :   Rendered text template (0.0ms)
I, [2015-03-02T19:33:18.214761 #11659]  INFO -- :   Rendered text template (0.0ms)
I, [2015-03-02T19:33:18.215758 #11659]  INFO -- : Completed 200 OK in 111ms (Views: 67.6ms | ActiveRecord: 12.1ms)
I, [2015-03-02T19:37:25.016147 #11653]  INFO -- : Started GET "/users" for 91.201.242.86 at 2015-03-02 19:37:25 +0000
I, [2015-03-02T19:37:25.030251 #11653]  INFO -- : Processing by UsersController#index as HTML
I, [2015-03-02T19:37:25.043649 #11653]  INFO -- :   Rendered users/index.html.erb within layouts/application (6.1ms)
I, [2015-03-02T19:37:25.081607 #11653]  INFO -- :   Rendered text template (0.5ms)
I, [2015-03-02T19:37:25.082100 #11653]  INFO -- :   Rendered text template (0.0ms)
I, [2015-03-02T19:37:25.082503 #11653]  INFO -- : Completed 200 OK in 52ms (Views: 48.2ms | ActiveRecord: 0.9ms)
I, [2015-03-02T19:38:26.727754 #11656]  INFO -- : Started GET "/users" for 91.201.242.86 at 2015-03-02 19:38:26 +0000
I, [2015-03-02T19:38:26.765081 #11656]  INFO -- : Processing by UsersController#index as HTML
I, [2015-03-02T19:38:26.820851 #11656]  INFO -- :   Rendered users/index.html.erb within layouts/application (31.0ms)
I, [2015-03-02T19:38:26.829650 #11656]  INFO -- :   Rendered text template (0.0ms)
I, [2015-03-02T19:38:26.830553 #11656]  INFO -- :   Rendered text template (0.0ms)
I, [2015-03-02T19:38:26.831530 #11656]  INFO -- : Completed 200 OK in 66ms (Views: 44.2ms | ActiveRecord: 3.0ms)
I, [2015-03-02T19:40:54.340983 #11653]  INFO -- : Started GET "/items" for 91.201.242.86 at 2015-03-02 19:40:54 +0000
I, [2015-03-02T19:40:54.366541 #11653]  INFO -- : Processing by ItemsController#index as HTML
I, [2015-03-02T19:40:54.427291 #11653]  INFO -- :   Rendered items/index.html.erb within layouts/application (41.8ms)
I, [2015-03-02T19:40:54.433852 #11653]  INFO -- :   Rendered text template (0.0ms)
I, [2015-03-02T19:40:54.434247 #11653]  INFO -- :   Rendered text template (0.0ms)
I, [2015-03-02T19:40:54.434936 #11653]  INFO -- : Completed 200 OK in 68ms (Views: 49.4ms | ActiveRecord: 3.4ms)
I, [2015-03-02T19:44:04.944715 #11651]  INFO -- : Started GET "/" for 91.201.242.86 at 2015-03-02 19:44:04 +0000
I, [2015-03-02T19:44:04.953722 #11651]  INFO -- : Processing by HomeController#index as HTML
I, [2015-03-02T19:44:04.961128 #11651]  INFO -- :   Rendered text template (0.1ms)
I, [2015-03-02T19:44:04.961534 #11651]  INFO -- :   Rendered home/index.html.erb within layouts/application (1.6ms)
I, [2015-03-02T19:44:04.970081 #11651]  INFO -- :   Rendered text template (0.1ms)
I, [2015-03-02T19:44:04.970951 #11651]  INFO -- :   Rendered text template (0.0ms)
I, [2015-03-02T19:44:04.973923 #11651]  INFO -- : Completed 200 OK in 20ms (Views: 14.9ms | ActiveRecord: 0.0ms)
I, [2015-03-02T19:44:10.193788 #11656]  INFO -- : Started GET "/login" for 91.201.242.86 at 2015-03-02 19:44:10 +0000
I, [2015-03-02T19:44:10.204869 #11656]  INFO -- : Processing by SessionsController#new as HTML
I, [2015-03-02T19:44:10.212670 #11656]  INFO -- :   Rendered sessions/new.html.erb within layouts/application (1.5ms)
I, [2015-03-02T19:44:10.220203 #11656]  INFO -- :   Rendered text template (0.0ms)
I, [2015-03-02T19:44:10.220830 #11656]  INFO -- :   Rendered text template (0.0ms)
I, [2015-03-02T19:44:10.221549 #11656]  INFO -- : Completed 200 OK in 16ms (Views: 13.3ms | ActiveRecord: 0.0ms)
I, [2015-03-02T19:44:28.313339 #11651]  INFO -- : Started GET "/login" for 91.201.242.86 at 2015-03-02 19:44:28 +0000
I, [2015-03-02T19:44:28.317312 #11651]  INFO -- : Processing by SessionsController#new as HTML
I, [2015-03-02T19:44:28.323738 #11651]  INFO -- :   Rendered sessions/new.html.erb within layouts/application (3.3ms)
I, [2015-03-02T19:44:28.332013 #11651]  INFO -- :   Rendered text template (0.0ms)
I, [2015-03-02T19:44:28.332552 #11651]  INFO -- :   Rendered text template (0.0ms)
I, [2015-03-02T19:44:28.333186 #11651]  INFO -- : Completed 200 OK in 16ms (Views: 14.6ms | ActiveRecord: 0.0ms)
I, [2015-03-02T19:44:33.357369 #11653]  INFO -- : Started GET "/login" for 91.201.242.86 at 2015-03-02 19:44:33 +0000
I, [2015-03-02T19:44:33.376008 #11653]  INFO -- : Processing by SessionsController#new as HTML
I, [2015-03-02T19:44:33.382723 #11653]  INFO -- :   Rendered sessions/new.html.erb within layouts/application (1.2ms)
I, [2015-03-02T19:44:33.388781 #11653]  INFO -- :   Rendered text template (0.0ms)
I, [2015-03-02T19:44:33.389365 #11653]  INFO -- :   Rendered text template (0.0ms)
I, [2015-03-02T19:44:33.389969 #11653]  INFO -- : Completed 200 OK in 14ms (Views: 11.5ms | ActiveRecord: 0.0ms)
I, [2015-03-02T19:44:35.495868 #11651]  INFO -- : Started GET "/login" for 91.201.242.86 at 2015-03-02 19:44:35 +0000
I, [2015-03-02T19:44:35.498157 #11651]  INFO -- : Processing by SessionsController#new as HTML
I, [2015-03-02T19:44:35.500102 #11651]  INFO -- :   Rendered sessions/new.html.erb within layouts/application (0.0ms)
I, [2015-03-02T19:44:35.504399 #11651]  INFO -- :   Rendered text template (0.0ms)
I, [2015-03-02T19:44:35.504758 #11651]  INFO -- :   Rendered text template (0.0ms)
I, [2015-03-02T19:44:35.505280 #11651]  INFO -- : Completed 200 OK in 7ms (Views: 6.4ms | ActiveRecord: 0.0ms)
I, [2015-03-02T19:44:38.706482 #11653]  INFO -- : Started GET "/login" for 91.201.242.86 at 2015-03-02 19:44:38 +0000
I, [2015-03-02T19:44:38.709582 #11653]  INFO -- : Processing by SessionsController#new as HTML
I, [2015-03-02T19:44:38.711938 #11653]  INFO -- :   Rendered sessions/new.html.erb within layouts/application (0.1ms)
I, [2015-03-02T19:44:38.717509 #11653]  INFO -- :   Rendered text template (0.0ms)
I, [2015-03-02T19:44:38.718010 #11653]  INFO -- :   Rendered text template (0.0ms)
I, [2015-03-02T19:44:38.718576 #11653]  INFO -- : Completed 200 OK in 9ms (Views: 8.2ms | ActiveRecord: 0.0ms)
I, [2015-03-02T19:47:28.389443 #11651]  INFO -- : Started GET "/login" for 91.201.242.86 at 2015-03-02 19:47:28 +0000
I, [2015-03-02T19:47:28.404441 #11651]  INFO -- : Processing by SessionsController#new as HTML
I, [2015-03-02T19:47:28.418606 #11651]  INFO -- :   Rendered sessions/new.html.erb within layouts/application (4.7ms)
I, [2015-03-02T19:47:28.419703 #11651]  INFO -- : Completed 500 Internal Server Error in 15ms
F, [2015-03-02T19:47:28.428263 #11651] FATAL -- : 
ActionView::Template::Error (/home/rails/app/views/sessions/new.html.erb:21: syntax error, unexpected keyword_end
 ';@output_buffer.append=( end );@output_buffer.to_s
                              ^
/home/rails/app/views/sessions/new.html.erb:22: syntax error, unexpected keyword_ensure, expecting ')'
/home/rails/app/views/sessions/new.html.erb:24: syntax error, unexpected keyword_end, expecting ')'):
    18:  <%= form_tag sessions_path do %>
    19:          <h2 class="form-signin-heading">Войдите в Систему</h2>
    20:          <%= label_tag 'email', 'Email' %>
    21:  <%= end %>
  actionpack (4.0.2) lib/action_view/template.rb:299:in `module_eval'
  actionpack (4.0.2) lib/action_view/template.rb:299:in `compile'
  actionpack (4.0.2) lib/action_view/template.rb:248:in `block in compile!'
  actionpack (4.0.2) lib/action_view/template.rb:236:in `synchronize'
  actionpack (4.0.2) lib/action_view/template.rb:236:in `compile!'
  actionpack (4.0.2) lib/action_view/template.rb:142:in `block in render'
  activesupport (4.0.2) lib/active_support/notifications.rb:161:in `instrument'
  actionpack (4.0.2) lib/action_view/template.rb:141:in `render'
  actionpack (4.0.2) lib/action_view/renderer/template_renderer.rb:49:in `block (2 levels) in render_template'
  actionpack (4.0.2) lib/action_view/renderer/abstract_renderer.rb:38:in `block in instrument'
  activesupport (4.0.2) lib/active_support/notifications.rb:159:in `block in instrument'
  activesupport (4.0.2) lib/active_support/notifications/instrumenter.rb:20:in `instrument'
  activesupport (4.0.2) lib/active_support/notifications.rb:159:in `instrument'
  actionpack (4.0.2) lib/action_view/renderer/abstract_renderer.rb:38:in `instrument'
  actionpack (4.0.2) lib/action_view/renderer/template_renderer.rb:48:in `block in render_template'
  actionpack (4.0.2) lib/action_view/renderer/template_renderer.rb:56:in `render_with_layout'
  actionpack (4.0.2) lib/action_view/renderer/template_renderer.rb:47:in `render_template'
  actionpack (4.0.2) lib/action_view/renderer/template_renderer.rb:17:in `render'
  actionpack (4.0.2) lib/action_view/renderer/renderer.rb:42:in `render_template'
  actionpack (4.0.2) lib/action_view/renderer/renderer.rb:23:in `render'
  actionpack (4.0.2) lib/abstract_controller/rendering.rb:127:in `_render_template'
  actionpack (4.0.2) lib/action_controller/metal/streaming.rb:219:in `_render_template'
  actionpack (4.0.2) lib/abstract_controller/rendering.rb:120:in `render_to_body'
  actionpack (4.0.2) lib/action_controller/metal/rendering.rb:33:in `render_to_body'
  actionpack (4.0.2) lib/action_controller/metal/renderers.rb:26:in `render_to_body'
  actionpack (4.0.2) lib/abstract_controller/rendering.rb:97:in `render'
  actionpack (4.0.2) lib/action_controller/metal/rendering.rb:16:in `render'
  actionpack (4.0.2) lib/action_controller/metal/instrumentation.rb:41:in `block (2 levels) in render'
  activesupport (4.0.2) lib/active_support/core_ext/benchmark.rb:12:in `block in ms'
  /usr/local/rvm/rubies/ruby-2.1.3/lib/ruby/2.1.0/benchmark.rb:294:in `realtime'
  activesupport (4.0.2) lib/active_support/core_ext/benchmark.rb:12:in `ms'
  actionpack (4.0.2) lib/action_controller/metal/instrumentation.rb:41:in `block in render'
  actionpack (4.0.2) lib/action_controller/metal/instrumentation.rb:84:in `cleanup_view_runtime'
  activerecord (4.0.2) lib/active_record/railties/controller_runtime.rb:25:in `cleanup_view_runtime'
  actionpack (4.0.2) lib/action_controller/metal/instrumentation.rb:40:in `render'
  actionpack (4.0.2) lib/action_controller/metal/implicit_render.rb:10:in `default_render'
  actionpack (4.0.2) lib/action_controller/metal/implicit_render.rb:5:in `send_action'
  actionpack (4.0.2) lib/abstract_controller/base.rb:189:in `process_action'
  actionpack (4.0.2) lib/action_controller/metal/rendering.rb:10:in `process_action'
  actionpack (4.0.2) lib/abstract_controller/callbacks.rb:18:in `block in process_action'
  activesupport (4.0.2) lib/active_support/callbacks.rb:403:in `_run__2604261411899158981__process_action__callbacks'
  activesupport (4.0.2) lib/active_support/callbacks.rb:80:in `run_callbacks'
  actionpack (4.0.2) lib/abstract_controller/callbacks.rb:17:in `process_action'
  actionpack (4.0.2) lib/action_controller/metal/rescue.rb:29:in `process_action'
  actionpack (4.0.2) lib/action_controller/metal/instrumentation.rb:31:in `block in process_action'
  activesupport (4.0.2) lib/active_support/notifications.rb:159:in `block in instrument'
  activesupport (4.0.2) lib/active_support/notifications/instrumenter.rb:20:in `instrument'
  activesupport (4.0.2) lib/active_support/notifications.rb:159:in `instrument'
  actionpack (4.0.2) lib/action_controller/metal/instrumentation.rb:30:in `process_action'
  actionpack (4.0.2) lib/action_controller/metal/params_wrapper.rb:245:in `process_action'
  activerecord (4.0.2) lib/active_record/railties/controller_runtime.rb:18:in `process_action'
  actionpack (4.0.2) lib/abstract_controller/base.rb:136:in `process'
  actionpack (4.0.2) lib/abstract_controller/rendering.rb:44:in `process'
  actionpack (4.0.2) lib/action_controller/metal.rb:195:in `dispatch'
  actionpack (4.0.2) lib/action_controller/metal/rack_delegation.rb:13:in `dispatch'
  actionpack (4.0.2) lib/action_controller/metal.rb:231:in `block in action'
  actionpack (4.0.2) lib/action_dispatch/routing/route_set.rb:80:in `call'
  actionpack (4.0.2) lib/action_dispatch/routing/route_set.rb:80:in `dispatch'
  actionpack (4.0.2) lib/action_dispatch/routing/route_set.rb:48:in `call'
  actionpack (4.0.2) lib/action_dispatch/journey/router.rb:71:in `block in call'
  actionpack (4.0.2) lib/action_dispatch/journey/router.rb:59:in `each'
  actionpack (4.0.2) lib/action_dispatch/journey/router.rb:59:in `call'
  actionpack (4.0.2) lib/action_dispatch/routing/route_set.rb:680:in `call'
  rack (1.5.2) lib/rack/etag.rb:23:in `call'
  rack (1.5.2) lib/rack/conditionalget.rb:25:in `call'
  rack (1.5.2) lib/rack/head.rb:11:in `call'
  actionpack (4.0.2) lib/action_dispatch/middleware/params_parser.rb:27:in `call'
  actionpack (4.0.2) lib/action_dispatch/middleware/flash.rb:241:in `call'
  rack (1.5.2) lib/rack/session/abstract/id.rb:225:in `context'
  rack (1.5.2) lib/rack/session/abstract/id.rb:220:in `call'
  actionpack (4.0.2) lib/action_dispatch/middleware/cookies.rb:486:in `call'
  activerecord (4.0.2) lib/active_record/query_cache.rb:36:in `call'
  activerecord (4.0.2) lib/active_record/connection_adapters/abstract/connection_pool.rb:626:in `call'
  actionpack (4.0.2) lib/action_dispatch/middleware/callbacks.rb:29:in `block in call'
  activesupport (4.0.2) lib/active_support/callbacks.rb:373:in `_run__3644384349087576276__call__callbacks'
  activesupport (4.0.2) lib/active_support/callbacks.rb:80:in `run_callbacks'
  actionpack (4.0.2) lib/action_dispatch/middleware/callbacks.rb:27:in `call'
  actionpack (4.0.2) lib/action_dispatch/middleware/reloader.rb:64:in `call'
  actionpack (4.0.2) lib/action_dispatch/middleware/remote_ip.rb:76:in `call'
  actionpack (4.0.2) lib/action_dispatch/middleware/debug_exceptions.rb:17:in `call'
  actionpack (4.0.2) lib/action_dispatch/middleware/show_exceptions.rb:30:in `call'
  railties (4.0.2) lib/rails/rack/logger.rb:38:in `call_app'
  railties (4.0.2) lib/rails/rack/logger.rb:20:in `block in call'
  activesupport (4.0.2) lib/active_support/tagged_logging.rb:67:in `block in tagged'
  activesupport (4.0.2) lib/active_support/tagged_logging.rb:25:in `tagged'
  activesupport (4.0.2) lib/active_support/tagged_logging.rb:67:in `tagged'
  railties (4.0.2) lib/rails/rack/logger.rb:20:in `call'
  actionpack (4.0.2) lib/action_dispatch/middleware/request_id.rb:21:in `call'
  rack (1.5.2) lib/rack/methodoverride.rb:21:in `call'
  rack (1.5.2) lib/rack/runtime.rb:17:in `call'
  activesupport (4.0.2) lib/active_support/cache/strategy/local_cache.rb:83:in `call'
  rack (1.5.2) lib/rack/lock.rb:17:in `call'
  rack (1.5.2) lib/rack/sendfile.rb:112:in `call'
  railties (4.0.2) lib/rails/engine.rb:511:in `call'
  railties (4.0.2) lib/rails/application.rb:97:in `call'
  unicorn (4.8.3) lib/unicorn/http_server.rb:576:in `process_client'
  unicorn (4.8.3) lib/unicorn/http_server.rb:670:in `worker_loop'
  unicorn (4.8.3) lib/unicorn/http_server.rb:525:in `spawn_missing_workers'
  unicorn (4.8.3) lib/unicorn/http_server.rb:140:in `start'
  unicorn (4.8.3) bin/unicorn:126:in `<top (required)>'
  /usr/local/rvm/gems/ruby-2.1.3/bin/unicorn:23:in `load'
  /usr/local/rvm/gems/ruby-2.1.3/bin/unicorn:23:in `<main>'
  /usr/local/rvm/gems/ruby-2.0.0-p353/bin/ruby_executable_hooks:15:in `eval'
  /usr/local/rvm/gems/ruby-2.0.0-p353/bin/ruby_executable_hooks:15:in `<main>'


I, [2015-03-02T19:49:30.537453 #11656]  INFO -- : Started GET "/login" for 91.201.242.86 at 2015-03-02 19:49:30 +0000
I, [2015-03-02T19:49:30.556422 #11656]  INFO -- : Processing by SessionsController#new as HTML
I, [2015-03-02T19:49:30.584606 #11656]  INFO -- :   Rendered sessions/new.html.erb within layouts/application (8.2ms)
I, [2015-03-02T19:49:30.586465 #11656]  INFO -- : Completed 500 Internal Server Error in 29ms
F, [2015-03-02T19:49:30.598227 #11656] FATAL -- : 
ActionView::Template::Error (/home/rails/app/views/sessions/new.html.erb:21: syntax error, unexpected keyword_end
 ';@output_buffer.append=( end );@output_buffer.to_s
                              ^
/home/rails/app/views/sessions/new.html.erb:22: syntax error, unexpected keyword_ensure, expecting ')'
/home/rails/app/views/sessions/new.html.erb:24: syntax error, unexpected keyword_end, expecting ')'):
    18:  <%= form_tag sessions_path do %>
    19:          <h2 class="form-signin-heading">Войдите в Систему</h2>
    20:          <%= label_tag 'email', 'Email' %>
    21:  <%= end %>
  actionpack (4.0.2) lib/action_view/template.rb:299:in `module_eval'
  actionpack (4.0.2) lib/action_view/template.rb:299:in `compile'
  actionpack (4.0.2) lib/action_view/template.rb:248:in `block in compile!'
  actionpack (4.0.2) lib/action_view/template.rb:236:in `synchronize'
  actionpack (4.0.2) lib/action_view/template.rb:236:in `compile!'
  actionpack (4.0.2) lib/action_view/template.rb:142:in `block in render'
  activesupport (4.0.2) lib/active_support/notifications.rb:161:in `instrument'
  actionpack (4.0.2) lib/action_view/template.rb:141:in `render'
  actionpack (4.0.2) lib/action_view/renderer/template_renderer.rb:49:in `block (2 levels) in render_template'
  actionpack (4.0.2) lib/action_view/renderer/abstract_renderer.rb:38:in `block in instrument'
  activesupport (4.0.2) lib/active_support/notifications.rb:159:in `block in instrument'
  activesupport (4.0.2) lib/active_support/notifications/instrumenter.rb:20:in `instrument'
  activesupport (4.0.2) lib/active_support/notifications.rb:159:in `instrument'
  actionpack (4.0.2) lib/action_view/renderer/abstract_renderer.rb:38:in `instrument'
  actionpack (4.0.2) lib/action_view/renderer/template_renderer.rb:48:in `block in render_template'
  actionpack (4.0.2) lib/action_view/renderer/template_renderer.rb:56:in `render_with_layout'
  actionpack (4.0.2) lib/action_view/renderer/template_renderer.rb:47:in `render_template'
  actionpack (4.0.2) lib/action_view/renderer/template_renderer.rb:17:in `render'
  actionpack (4.0.2) lib/action_view/renderer/renderer.rb:42:in `render_template'
  actionpack (4.0.2) lib/action_view/renderer/renderer.rb:23:in `render'
  actionpack (4.0.2) lib/abstract_controller/rendering.rb:127:in `_render_template'
  actionpack (4.0.2) lib/action_controller/metal/streaming.rb:219:in `_render_template'
  actionpack (4.0.2) lib/abstract_controller/rendering.rb:120:in `render_to_body'
  actionpack (4.0.2) lib/action_controller/metal/rendering.rb:33:in `render_to_body'
  actionpack (4.0.2) lib/action_controller/metal/renderers.rb:26:in `render_to_body'
  actionpack (4.0.2) lib/abstract_controller/rendering.rb:97:in `render'
  actionpack (4.0.2) lib/action_controller/metal/rendering.rb:16:in `render'
  actionpack (4.0.2) lib/action_controller/metal/instrumentation.rb:41:in `block (2 levels) in render'
  activesupport (4.0.2) lib/active_support/core_ext/benchmark.rb:12:in `block in ms'
  /usr/local/rvm/rubies/ruby-2.1.3/lib/ruby/2.1.0/benchmark.rb:294:in `realtime'
  activesupport (4.0.2) lib/active_support/core_ext/benchmark.rb:12:in `ms'
  actionpack (4.0.2) lib/action_controller/metal/instrumentation.rb:41:in `block in render'
  actionpack (4.0.2) lib/action_controller/metal/instrumentation.rb:84:in `cleanup_view_runtime'
  activerecord (4.0.2) lib/active_record/railties/controller_runtime.rb:25:in `cleanup_view_runtime'
  actionpack (4.0.2) lib/action_controller/metal/instrumentation.rb:40:in `render'
  actionpack (4.0.2) lib/action_controller/metal/implicit_render.rb:10:in `default_render'
  actionpack (4.0.2) lib/action_controller/metal/implicit_render.rb:5:in `send_action'
  actionpack (4.0.2) lib/abstract_controller/base.rb:189:in `process_action'
  actionpack (4.0.2) lib/action_controller/metal/rendering.rb:10:in `process_action'
  actionpack (4.0.2) lib/abstract_controller/callbacks.rb:18:in `block in process_action'
  activesupport (4.0.2) lib/active_support/callbacks.rb:403:in `_run__2604261411899158981__process_action__callbacks'
  activesupport (4.0.2) lib/active_support/callbacks.rb:80:in `run_callbacks'
  actionpack (4.0.2) lib/abstract_controller/callbacks.rb:17:in `process_action'
  actionpack (4.0.2) lib/action_controller/metal/rescue.rb:29:in `process_action'
  actionpack (4.0.2) lib/action_controller/metal/instrumentation.rb:31:in `block in process_action'
  activesupport (4.0.2) lib/active_support/notifications.rb:159:in `block in instrument'
  activesupport (4.0.2) lib/active_support/notifications/instrumenter.rb:20:in `instrument'
  activesupport (4.0.2) lib/active_support/notifications.rb:159:in `instrument'
  actionpack (4.0.2) lib/action_controller/metal/instrumentation.rb:30:in `process_action'
  actionpack (4.0.2) lib/action_controller/metal/params_wrapper.rb:245:in `process_action'
  activerecord (4.0.2) lib/active_record/railties/controller_runtime.rb:18:in `process_action'
  actionpack (4.0.2) lib/abstract_controller/base.rb:136:in `process'
  actionpack (4.0.2) lib/abstract_controller/rendering.rb:44:in `process'
  actionpack (4.0.2) lib/action_controller/metal.rb:195:in `dispatch'
  actionpack (4.0.2) lib/action_controller/metal/rack_delegation.rb:13:in `dispatch'
  actionpack (4.0.2) lib/action_controller/metal.rb:231:in `block in action'
  actionpack (4.0.2) lib/action_dispatch/routing/route_set.rb:80:in `call'
  actionpack (4.0.2) lib/action_dispatch/routing/route_set.rb:80:in `dispatch'
  actionpack (4.0.2) lib/action_dispatch/routing/route_set.rb:48:in `call'
  actionpack (4.0.2) lib/action_dispatch/journey/router.rb:71:in `block in call'
  actionpack (4.0.2) lib/action_dispatch/journey/router.rb:59:in `each'
  actionpack (4.0.2) lib/action_dispatch/journey/router.rb:59:in `call'
  actionpack (4.0.2) lib/action_dispatch/routing/route_set.rb:680:in `call'
  rack (1.5.2) lib/rack/etag.rb:23:in `call'
  rack (1.5.2) lib/rack/conditionalget.rb:25:in `call'
  rack (1.5.2) lib/rack/head.rb:11:in `call'
  actionpack (4.0.2) lib/action_dispatch/middleware/params_parser.rb:27:in `call'
  actionpack (4.0.2) lib/action_dispatch/middleware/flash.rb:241:in `call'
  rack (1.5.2) lib/rack/session/abstract/id.rb:225:in `context'
  rack (1.5.2) lib/rack/session/abstract/id.rb:220:in `call'
  actionpack (4.0.2) lib/action_dispatch/middleware/cookies.rb:486:in `call'
  activerecord (4.0.2) lib/active_record/query_cache.rb:36:in `call'
  activerecord (4.0.2) lib/active_record/connection_adapters/abstract/connection_pool.rb:626:in `call'
  actionpack (4.0.2) lib/action_dispatch/middleware/callbacks.rb:29:in `block in call'
  activesupport (4.0.2) lib/active_support/callbacks.rb:373:in `_run__3644384349087576276__call__callbacks'
  activesupport (4.0.2) lib/active_support/callbacks.rb:80:in `run_callbacks'
  actionpack (4.0.2) lib/action_dispatch/middleware/callbacks.rb:27:in `call'
  actionpack (4.0.2) lib/action_dispatch/middleware/reloader.rb:64:in `call'
  actionpack (4.0.2) lib/action_dispatch/middleware/remote_ip.rb:76:in `call'
  actionpack (4.0.2) lib/action_dispatch/middleware/debug_exceptions.rb:17:in `call'
  actionpack (4.0.2) lib/action_dispatch/middleware/show_exceptions.rb:30:in `call'
  railties (4.0.2) lib/rails/rack/logger.rb:38:in `call_app'
  railties (4.0.2) lib/rails/rack/logger.rb:20:in `block in call'
  activesupport (4.0.2) lib/active_support/tagged_logging.rb:67:in `block in tagged'
  activesupport (4.0.2) lib/active_support/tagged_logging.rb:25:in `tagged'
  activesupport (4.0.2) lib/active_support/tagged_logging.rb:67:in `tagged'
  railties (4.0.2) lib/rails/rack/logger.rb:20:in `call'
  actionpack (4.0.2) lib/action_dispatch/middleware/request_id.rb:21:in `call'
  rack (1.5.2) lib/rack/methodoverride.rb:21:in `call'
  rack (1.5.2) lib/rack/runtime.rb:17:in `call'
  activesupport (4.0.2) lib/active_support/cache/strategy/local_cache.rb:83:in `call'
  rack (1.5.2) lib/rack/lock.rb:17:in `call'
  rack (1.5.2) lib/rack/sendfile.rb:112:in `call'
  railties (4.0.2) lib/rails/engine.rb:511:in `call'
  railties (4.0.2) lib/rails/application.rb:97:in `call'
  unicorn (4.8.3) lib/unicorn/http_server.rb:576:in `process_client'
  unicorn (4.8.3) lib/unicorn/http_server.rb:670:in `worker_loop'
  unicorn (4.8.3) lib/unicorn/http_server.rb:525:in `spawn_missing_workers'
  unicorn (4.8.3) lib/unicorn/http_server.rb:140:in `start'
  unicorn (4.8.3) bin/unicorn:126:in `<top (required)>'
  /usr/local/rvm/gems/ruby-2.1.3/bin/unicorn:23:in `load'
  /usr/local/rvm/gems/ruby-2.1.3/bin/unicorn:23:in `<main>'
  /usr/local/rvm/gems/ruby-2.0.0-p353/bin/ruby_executable_hooks:15:in `eval'
  /usr/local/rvm/gems/ruby-2.0.0-p353/bin/ruby_executable_hooks:15:in `<main>'


I, [2015-03-02T19:49:33.373987 #11651]  INFO -- : Started GET "/login" for 91.201.242.86 at 2015-03-02 19:49:33 +0000
I, [2015-03-02T19:49:33.384306 #11651]  INFO -- : Processing by SessionsController#new as HTML
I, [2015-03-02T19:49:33.390874 #11651]  INFO -- :   Rendered sessions/new.html.erb within layouts/application (1.7ms)
I, [2015-03-02T19:49:33.391199 #11651]  INFO -- : Completed 500 Internal Server Error in 7ms
F, [2015-03-02T19:49:33.395115 #11651] FATAL -- : 
ActionView::Template::Error (/home/rails/app/views/sessions/new.html.erb:21: syntax error, unexpected keyword_end
 ';@output_buffer.append=( end );@output_buffer.to_s
                              ^
/home/rails/app/views/sessions/new.html.erb:22: syntax error, unexpected keyword_ensure, expecting ')'
/home/rails/app/views/sessions/new.html.erb:24: syntax error, unexpected keyword_end, expecting ')'):
    18:  <%= form_tag sessions_path do %>
    19:          <h2 class="form-signin-heading">Войдите в Систему</h2>
    20:          <%= label_tag 'email', 'Email' %>
    21:  <%= end %>
  actionpack (4.0.2) lib/action_view/template.rb:299:in `module_eval'
  actionpack (4.0.2) lib/action_view/template.rb:299:in `compile'
  actionpack (4.0.2) lib/action_view/template.rb:248:in `block in compile!'
  actionpack (4.0.2) lib/action_view/template.rb:236:in `synchronize'
  actionpack (4.0.2) lib/action_view/template.rb:236:in `compile!'
  actionpack (4.0.2) lib/action_view/template.rb:142:in `block in render'
  activesupport (4.0.2) lib/active_support/notifications.rb:161:in `instrument'
  actionpack (4.0.2) lib/action_view/template.rb:141:in `render'
  actionpack (4.0.2) lib/action_view/renderer/template_renderer.rb:49:in `block (2 levels) in render_template'
  actionpack (4.0.2) lib/action_view/renderer/abstract_renderer.rb:38:in `block in instrument'
  activesupport (4.0.2) lib/active_support/notifications.rb:159:in `block in instrument'
  activesupport (4.0.2) lib/active_support/notifications/instrumenter.rb:20:in `instrument'
  activesupport (4.0.2) lib/active_support/notifications.rb:159:in `instrument'
  actionpack (4.0.2) lib/action_view/renderer/abstract_renderer.rb:38:in `instrument'
  actionpack (4.0.2) lib/action_view/renderer/template_renderer.rb:48:in `block in render_template'
  actionpack (4.0.2) lib/action_view/renderer/template_renderer.rb:56:in `render_with_layout'
  actionpack (4.0.2) lib/action_view/renderer/template_renderer.rb:47:in `render_template'
  actionpack (4.0.2) lib/action_view/renderer/template_renderer.rb:17:in `render'
  actionpack (4.0.2) lib/action_view/renderer/renderer.rb:42:in `render_template'
  actionpack (4.0.2) lib/action_view/renderer/renderer.rb:23:in `render'
  actionpack (4.0.2) lib/abstract_controller/rendering.rb:127:in `_render_template'
  actionpack (4.0.2) lib/action_controller/metal/streaming.rb:219:in `_render_template'
  actionpack (4.0.2) lib/abstract_controller/rendering.rb:120:in `render_to_body'
  actionpack (4.0.2) lib/action_controller/metal/rendering.rb:33:in `render_to_body'
  actionpack (4.0.2) lib/action_controller/metal/renderers.rb:26:in `render_to_body'
  actionpack (4.0.2) lib/abstract_controller/rendering.rb:97:in `render'
  actionpack (4.0.2) lib/action_controller/metal/rendering.rb:16:in `render'
  actionpack (4.0.2) lib/action_controller/metal/instrumentation.rb:41:in `block (2 levels) in render'
  activesupport (4.0.2) lib/active_support/core_ext/benchmark.rb:12:in `block in ms'
  /usr/local/rvm/rubies/ruby-2.1.3/lib/ruby/2.1.0/benchmark.rb:294:in `realtime'
  activesupport (4.0.2) lib/active_support/core_ext/benchmark.rb:12:in `ms'
  actionpack (4.0.2) lib/action_controller/metal/instrumentation.rb:41:in `block in render'
  actionpack (4.0.2) lib/action_controller/metal/instrumentation.rb:84:in `cleanup_view_runtime'
  activerecord (4.0.2) lib/active_record/railties/controller_runtime.rb:25:in `cleanup_view_runtime'
  actionpack (4.0.2) lib/action_controller/metal/instrumentation.rb:40:in `render'
  actionpack (4.0.2) lib/action_controller/metal/implicit_render.rb:10:in `default_render'
  actionpack (4.0.2) lib/action_controller/metal/implicit_render.rb:5:in `send_action'
  actionpack (4.0.2) lib/abstract_controller/base.rb:189:in `process_action'
  actionpack (4.0.2) lib/action_controller/metal/rendering.rb:10:in `process_action'
  actionpack (4.0.2) lib/abstract_controller/callbacks.rb:18:in `block in process_action'
  activesupport (4.0.2) lib/active_support/callbacks.rb:403:in `_run__2604261411899158981__process_action__callbacks'
  activesupport (4.0.2) lib/active_support/callbacks.rb:80:in `run_callbacks'
  actionpack (4.0.2) lib/abstract_controller/callbacks.rb:17:in `process_action'
  actionpack (4.0.2) lib/action_controller/metal/rescue.rb:29:in `process_action'
  actionpack (4.0.2) lib/action_controller/metal/instrumentation.rb:31:in `block in process_action'
  activesupport (4.0.2) lib/active_support/notifications.rb:159:in `block in instrument'
  activesupport (4.0.2) lib/active_support/notifications/instrumenter.rb:20:in `instrument'
  activesupport (4.0.2) lib/active_support/notifications.rb:159:in `instrument'
  actionpack (4.0.2) lib/action_controller/metal/instrumentation.rb:30:in `process_action'
  actionpack (4.0.2) lib/action_controller/metal/params_wrapper.rb:245:in `process_action'
  activerecord (4.0.2) lib/active_record/railties/controller_runtime.rb:18:in `process_action'
  actionpack (4.0.2) lib/abstract_controller/base.rb:136:in `process'
  actionpack (4.0.2) lib/abstract_controller/rendering.rb:44:in `process'
  actionpack (4.0.2) lib/action_controller/metal.rb:195:in `dispatch'
  actionpack (4.0.2) lib/action_controller/metal/rack_delegation.rb:13:in `dispatch'
  actionpack (4.0.2) lib/action_controller/metal.rb:231:in `block in action'
  actionpack (4.0.2) lib/action_dispatch/routing/route_set.rb:80:in `call'
  actionpack (4.0.2) lib/action_dispatch/routing/route_set.rb:80:in `dispatch'
  actionpack (4.0.2) lib/action_dispatch/routing/route_set.rb:48:in `call'
  actionpack (4.0.2) lib/action_dispatch/journey/router.rb:71:in `block in call'
  actionpack (4.0.2) lib/action_dispatch/journey/router.rb:59:in `each'
  actionpack (4.0.2) lib/action_dispatch/journey/router.rb:59:in `call'
  actionpack (4.0.2) lib/action_dispatch/routing/route_set.rb:680:in `call'
  rack (1.5.2) lib/rack/etag.rb:23:in `call'
  rack (1.5.2) lib/rack/conditionalget.rb:25:in `call'
  rack (1.5.2) lib/rack/head.rb:11:in `call'
  actionpack (4.0.2) lib/action_dispatch/middleware/params_parser.rb:27:in `call'
  actionpack (4.0.2) lib/action_dispatch/middleware/flash.rb:241:in `call'
  rack (1.5.2) lib/rack/session/abstract/id.rb:225:in `context'
  rack (1.5.2) lib/rack/session/abstract/id.rb:220:in `call'
  actionpack (4.0.2) lib/action_dispatch/middleware/cookies.rb:486:in `call'
  activerecord (4.0.2) lib/active_record/query_cache.rb:36:in `call'
  activerecord (4.0.2) lib/active_record/connection_adapters/abstract/connection_pool.rb:626:in `call'
  actionpack (4.0.2) lib/action_dispatch/middleware/callbacks.rb:29:in `block in call'
  activesupport (4.0.2) lib/active_support/callbacks.rb:373:in `_run__3644384349087576276__call__callbacks'
  activesupport (4.0.2) lib/active_support/callbacks.rb:80:in `run_callbacks'
  actionpack (4.0.2) lib/action_dispatch/middleware/callbacks.rb:27:in `call'
  actionpack (4.0.2) lib/action_dispatch/middleware/reloader.rb:64:in `call'
  actionpack (4.0.2) lib/action_dispatch/middleware/remote_ip.rb:76:in `call'
  actionpack (4.0.2) lib/action_dispatch/middleware/debug_exceptions.rb:17:in `call'
  actionpack (4.0.2) lib/action_dispatch/middleware/show_exceptions.rb:30:in `call'
  railties (4.0.2) lib/rails/rack/logger.rb:38:in `call_app'
  railties (4.0.2) lib/rails/rack/logger.rb:20:in `block in call'
  activesupport (4.0.2) lib/active_support/tagged_logging.rb:67:in `block in tagged'
  activesupport (4.0.2) lib/active_support/tagged_logging.rb:25:in `tagged'
  activesupport (4.0.2) lib/active_support/tagged_logging.rb:67:in `tagged'
  railties (4.0.2) lib/rails/rack/logger.rb:20:in `call'
  actionpack (4.0.2) lib/action_dispatch/middleware/request_id.rb:21:in `call'
  rack (1.5.2) lib/rack/methodoverride.rb:21:in `call'
  rack (1.5.2) lib/rack/runtime.rb:17:in `call'
  activesupport (4.0.2) lib/active_support/cache/strategy/local_cache.rb:83:in `call'
  rack (1.5.2) lib/rack/lock.rb:17:in `call'
  rack (1.5.2) lib/rack/sendfile.rb:112:in `call'
  railties (4.0.2) lib/rails/engine.rb:511:in `call'
  railties (4.0.2) lib/rails/application.rb:97:in `call'
  unicorn (4.8.3) lib/unicorn/http_server.rb:576:in `process_client'
  unicorn (4.8.3) lib/unicorn/http_server.rb:670:in `worker_loop'
  unicorn (4.8.3) lib/unicorn/http_server.rb:525:in `spawn_missing_workers'
  unicorn (4.8.3) lib/unicorn/http_server.rb:140:in `start'
  unicorn (4.8.3) bin/unicorn:126:in `<top (required)>'
  /usr/local/rvm/gems/ruby-2.1.3/bin/unicorn:23:in `load'
  /usr/local/rvm/gems/ruby-2.1.3/bin/unicorn:23:in `<main>'
  /usr/local/rvm/gems/ruby-2.0.0-p353/bin/ruby_executable_hooks:15:in `eval'
  /usr/local/rvm/gems/ruby-2.0.0-p353/bin/ruby_executable_hooks:15:in `<main>'


I, [2015-03-02T19:50:10.030178 #11656]  INFO -- : Started GET "/items/9" for 91.201.242.86 at 2015-03-02 19:50:10 +0000
I, [2015-03-02T19:50:10.046454 #11656]  INFO -- : Processing by ItemsController#show as HTML
I, [2015-03-02T19:50:10.046589 #11656]  INFO -- :   Parameters: {"id"=>"9"}
I, [2015-03-02T19:50:10.098882 #11656]  INFO -- :   Rendered text template (0.0ms)
I, [2015-03-02T19:50:10.101431 #11656]  INFO -- :   Rendered items/show.html.erb within layouts/application (3.8ms)
I, [2015-03-02T19:50:10.107766 #11656]  INFO -- :   Rendered text template (0.0ms)
I, [2015-03-02T19:50:10.108392 #11656]  INFO -- :   Rendered text template (0.0ms)
I, [2015-03-02T19:50:10.109042 #11656]  INFO -- : Completed 200 OK in 62ms (Views: 14.2ms | ActiveRecord: 6.5ms)
I, [2015-03-02T19:50:22.231245 #11653]  INFO -- : Started GET "/" for 91.201.242.86 at 2015-03-02 19:50:22 +0000
I, [2015-03-02T19:50:22.243396 #11653]  INFO -- : Processing by HomeController#index as HTML
I, [2015-03-02T19:50:22.252301 #11653]  INFO -- :   Rendered text template (0.1ms)
I, [2015-03-02T19:50:22.252806 #11653]  INFO -- :   Rendered home/index.html.erb within layouts/application (1.6ms)
I, [2015-03-02T19:50:22.264394 #11653]  INFO -- :   Rendered text template (0.1ms)
I, [2015-03-02T19:50:22.265368 #11653]  INFO -- :   Rendered text template (0.0ms)
I, [2015-03-02T19:50:22.266496 #11653]  INFO -- : Completed 200 OK in 23ms (Views: 19.9ms | ActiveRecord: 0.0ms)
I, [2015-03-02T19:50:41.352026 #11659]  INFO -- : Started GET "/users" for 91.201.242.86 at 2015-03-02 19:50:41 +0000
I, [2015-03-02T19:50:41.368052 #11659]  INFO -- : Processing by UsersController#index as HTML
I, [2015-03-02T19:50:41.385794 #11659]  INFO -- :   Rendered users/index.html.erb within layouts/application (8.7ms)
I, [2015-03-02T19:50:41.395770 #11659]  INFO -- :   Rendered text template (0.1ms)
I, [2015-03-02T19:50:41.396593 #11659]  INFO -- :   Rendered text template (0.0ms)
I, [2015-03-02T19:50:41.397502 #11659]  INFO -- : Completed 200 OK in 29ms (Views: 24.2ms | ActiveRecord: 0.9ms)
